[debug] [2017-09-25T21:30:26.616Z] ----------------------------------------------------------------------
[debug] [2017-09-25T21:30:26.619Z] Command:       /usr/local/Cellar/node/7.2.1/bin/node /usr/local/bin/firebase deploy --only functions
[debug] [2017-09-25T21:30:26.619Z] CLI Version:   3.9.2
[debug] [2017-09-25T21:30:26.619Z] Platform:      darwin
[debug] [2017-09-25T21:30:26.619Z] Node Version:  v8.0.0
[debug] [2017-09-25T21:30:26.620Z] Time:          Mon Sep 25 2017 14:30:26 GMT-0700 (PDT)
[debug] [2017-09-25T21:30:26.620Z] ----------------------------------------------------------------------
[debug] 
[debug] [2017-09-25T21:30:26.630Z] > command requires scopes: ["email","openid","https://www.googleapis.com/auth/cloudplatformprojects.readonly","https://www.googleapis.com/auth/firebase","https://www.googleapis.com/auth/cloud-platform"]
[debug] [2017-09-25T21:30:26.631Z] > authorizing via signed-in user
[debug] [2017-09-25T21:30:26.632Z] >>> HTTP REQUEST GET https://admin.firebase.com/v1/projects/newagent-1185b  
 Mon Sep 25 2017 14:30:26 GMT-0700 (PDT)
[debug] [2017-09-25T21:30:27.388Z] <<< HTTP RESPONSE 200
[debug] [2017-09-25T21:30:27.389Z] >>> HTTP REQUEST GET https://admin.firebase.com/v1/database/newagent-1185b/tokens  
 Mon Sep 25 2017 14:30:27 GMT-0700 (PDT)
[debug] [2017-09-25T21:30:27.923Z] <<< HTTP RESPONSE 200
[info] 
[info] === Deploying to 'newagent-1185b'...
[info] 
[info] i  deploying functions
[debug] [2017-09-25T21:30:29.796Z] > [functions] package.json contents: {
  "name": "functions",
  "description": "Cloud Functions for Firebase",
  "dependencies": {
    "firebase-admin": "~4.2.1",
    "firebase-functions": "^0.5.7"
  },
  "private": true
}
[info] i  functions: ensuring necessary APIs are enabled...
[info] i  runtimeconfig: ensuring necessary APIs are enabled...
[debug] [2017-09-25T21:30:29.797Z] >>> HTTP REQUEST GET https://servicemanagement.googleapis.com/v1/services/cloudfunctions.googleapis.com/projectSettings/newagent-1185b?view=CONSUMER_VIEW  
 Mon Sep 25 2017 14:30:29 GMT-0700 (PDT)
[debug] [2017-09-25T21:30:29.797Z] >>> HTTP REQUEST GET https://servicemanagement.googleapis.com/v1/services/runtimeconfig.googleapis.com/projectSettings/newagent-1185b?view=CONSUMER_VIEW  
 Mon Sep 25 2017 14:30:29 GMT-0700 (PDT)
[debug] [2017-09-25T21:30:30.858Z] <<< HTTP RESPONSE 200
[info] ✔  runtimeconfig: all necessary APIs are enabled
[debug] [2017-09-25T21:30:31.025Z] <<< HTTP RESPONSE 200
[info] ✔  functions: all necessary APIs are enabled
[debug] [2017-09-25T21:30:31.026Z] >>> HTTP REQUEST GET https://appengine.googleapis.com/v1/apps/newagent-1185b  
 Mon Sep 25 2017 14:30:31 GMT-0700 (PDT)
[debug] [2017-09-25T21:30:31.027Z] >>> HTTP REQUEST GET https://apikeys.googleapis.com/v1/projects/newagent-1185b/apiKeys  
 Mon Sep 25 2017 14:30:31 GMT-0700 (PDT)
[debug] [2017-09-25T21:30:31.522Z] <<< HTTP RESPONSE 200
[debug] [2017-09-25T21:30:31.673Z] <<< HTTP RESPONSE 200
[info] i  functions: preparing functions directory for uploading...
[debug] [2017-09-25T21:30:59.472Z] >>> HTTP REQUEST GET https://runtimeconfig.googleapis.com/v1beta1/projects/newagent-1185b/configs  
 Mon Sep 25 2017 14:30:59 GMT-0700 (PDT)
[debug] [2017-09-25T21:31:00.160Z] <<< HTTP RESPONSE 200
[debug] [2017-09-25T21:31:00.409Z] TypeError: Cannot read property 'pipesCount' of undefined
    at module.exports.Readable.pipe (_stream_readable.js:545:16)
    at module.exports.ZipArchiveOutputStream._smartStream (/usr/local/lib/node_modules/firebase-tools/node_modules/compress-commons/lib/archivers/zip/zip-archive-output-stream.js:171:11)
    at module.exports.ZipArchiveOutputStream._appendStream (/usr/local/lib/node_modules/firebase-tools/node_modules/compress-commons/lib/archivers/zip/zip-archive-output-stream.js:94:20)
    at module.exports.ArchiveOutputStream.entry (/usr/local/lib/node_modules/firebase-tools/node_modules/compress-commons/lib/archivers/archive-output-stream.js:89:10)
    at module.exports.ZipStream.entry (/usr/local/lib/node_modules/firebase-tools/node_modules/zip-stream/lib/zip-stream.js:105:49)
    at module.exports.Zip.append (/usr/local/lib/node_modules/firebase-tools/node_modules/archiver/lib/plugins/zip.js:30:15)
    at module.exports.Archiver._moduleAppend (/usr/local/lib/node_modules/firebase-tools/node_modules/archiver/lib/core.js:123:16)
    at module.exports.Archiver._onQueueTask (/usr/local/lib/node_modules/firebase-tools/node_modules/archiver/lib/core.js:246:8)
    at /usr/local/lib/node_modules/firebase-tools/node_modules/archiver/node_modules/async/lib/async.js:945:13
    at Immediate.process [as _onImmediate] (/usr/local/lib/node_modules/firebase-tools/node_modules/archiver/node_modules/async/lib/async.js:913:25)
[error] 
[error] Error: An unexpected error has occurred.
